<?xml version="1.0" encoding="UTF-8"?>
<!-- Generated by org.testng.reporters.JUnitReportReporter -->
<testsuite skipped="0" hostname="DESKTOP-HBONOQ6" name="demo.Search" tests="1" failures="0" timestamp="19 Jul 2020 03:29:49 GMT" time="43.857" errors="0">
  <testcase name="search" time="43.857" classname="demo.Search"/>
</testsuite> <!-- demo.Search -->
