<?xml version="1.0" encoding="UTF-8"?>
<!-- Generated by org.testng.reporters.JUnitReportReporter -->
<testsuite skipped="0" hostname="DESKTOP-HBONOQ6" name="demo.Register" tests="1" failures="0" timestamp="18 Jul 2020 18:06:32 GMT" time="112.202" errors="0">
  <testcase name="registrationTest" time="112.202" classname="demo.Register"/>
</testsuite> <!-- demo.Register -->
