<?xml version="1.0" encoding="UTF-8"?>
<!-- Generated by org.testng.reporters.JUnitReportReporter -->
<testsuite skipped="0" hostname="DESKTOP-HBONOQ6" name="demo.Login" tests="1" failures="0" timestamp="18 Jul 2020 18:19:55 GMT" time="39.039" errors="0">
  <testcase name="loginTest" time="39.039" classname="demo.Login"/>
</testsuite> <!-- demo.Login -->
